<?xml version="1.0" encoding="UTF-8"?>
<!-- Generated by org.testng.reporters.JUnitReportReporter -->
<testsuite hostname="DESKTOP-HR5TL2A" failures="0" tests="3" name="com.Testlayer.DropDownFBtest" time="2.140" errors="0" timestamp="2022-11-29T11:51:55 EST" skipped="0">
  <testcase classname="com.Testlayer.DropDownFBtest" name="selectYear" time="0.860"/>
  <system-out/>
  <testcase classname="com.Testlayer.DropDownFBtest" name="selectDay" time="0.749"/>
  <system-out/>
  <testcase classname="com.Testlayer.DropDownFBtest" name="selectMonth" time="0.531"/>
  <system-out/>
</testsuite> <!-- com.Testlayer.DropDownFBtest -->
