<?xml version="1.0" encoding="UTF-8"?>
<!-- Generated by org.testng.reporters.JUnitReportReporter -->
<testsuite hostname="DESKTOP-HR5TL2A" failures="0" tests="3" name="com.Testlayer.ExcelTest" time="1.762" errors="0" timestamp="2022-11-30T00:11:34 EST" skipped="0">
  <testcase classname="com.Testlayer.ExcelTest" name="enterData" time="0.452"/>
  <system-out/>
  <testcase classname="com.Testlayer.ExcelTest" name="enterData" time="0.576"/>
  <system-out/>
  <testcase classname="com.Testlayer.ExcelTest" name="enterData" time="0.734"/>
  <system-out/>
</testsuite> <!-- com.Testlayer.ExcelTest -->
