<?xml version="1.0" encoding="UTF-8"?>
<!-- Generated by org.testng.reporters.JUnitReportReporter -->
<testsuite hostname="DESKTOP-HR5TL2A" failures="0" tests="2" name="com.Testlayer.WindowHandleTest" time="6.230" errors="0" timestamp="2022-11-27T19:13:43 EST" skipped="0">
  <testcase classname="com.Testlayer.WindowHandleTest" name="details" time="0.659"/>
  <system-out/>
  <testcase classname="com.Testlayer.WindowHandleTest" name="windowHandl" time="5.571"/>
  <system-out/>
</testsuite> <!-- com.Testlayer.WindowHandleTest -->
