<?xml version="1.0" encoding="UTF-8"?>
<!-- Generated by org.testng.reporters.JUnitReportReporter -->
<testsuite hostname="DESKTOP-HR5TL2A" failures="0" tests="1" name="com.Testlayer.WindowHandle" time="0.659" errors="0" timestamp="2022-11-27T13:29:41 EST" skipped="0">
  <testcase classname="com.Testlayer.WindowHandle" name="Firstname" time="0.659"/>
  <system-out/>
</testsuite> <!-- com.Testlayer.WindowHandle -->
