<?xml version="1.0" encoding="UTF-8"?>
<!-- Generated by org.testng.reporters.JUnitReportReporter -->
<testsuite hostname="DESKTOP-HR5TL2A" failures="0" tests="1" name="com.Testlayer.AlertTest" time="7.544" errors="0" timestamp="2022-11-24T16:52:24 EST" skipped="0">
  <testcase classname="com.Testlayer.AlertTest" name="login" time="7.544"/>
  <system-out/>
</testsuite> <!-- com.Testlayer.AlertTest -->
