<?xml version="1.0" encoding="UTF-8"?>
<!-- Generated by org.testng.reporters.JUnitReportReporter -->
<testsuite hostname="DESKTOP-HR5TL2A" failures="0" tests="1" name="com.Testlayer.FrameHandleTest" time="72.768" errors="0" timestamp="2022-11-28T02:06:03 EST" skipped="0">
  <testcase classname="com.Testlayer.FrameHandleTest" name="webPage1" time="72.768"/>
  <system-out/>
</testsuite> <!-- com.Testlayer.FrameHandleTest -->
