<?xml version="1.0" encoding="UTF-8"?>
<!-- Generated by org.testng.reporters.JUnitReportReporter -->
<testsuite hostname="DESKTOP-HR5TL2A" failures="0" tests="1" name="com.Testlayer.ExcelReaderTest" time="0.000" errors="0" timestamp="2022-11-29T15:30:31 EST" skipped="1">
  <testcase classname="com.Testlayer.ExcelReaderTest" name="getData" time="0.000">
    <skipped/>
  </testcase> <!-- getData -->
  <system-out/>
</testsuite> <!-- com.Testlayer.ExcelReaderTest -->
